app/build/intermediates/manifest_merge_blame_file/debug/manifest-merger-blame-debug-report.txt
1<?xml version="1.0" encoding="utf-8"?>
2<manifest xmlns:android="http://schemas.android.com/apk/res/android"
3    package="com.digitalsmart.mutify"
4    android:versionCode="1"
5    android:versionName="1.0" >
6
7    <uses-sdk
8        android:minSdkVersion="26"
8-->src\main\AndroidManifest.xml
9        android:targetSdkVersion="30" />
9-->src\main\AndroidManifest.xml
10
11    <!--
12         The ACCESS_COARSE/FINE_LOCATION permissions are not required to use
13         Google Maps Android API v2, but you must specify either coarse or fine
14         location permissions for the "MyLocation" functionality.
15    -->
16    <uses-permission android:name="android.permission.ACCESS_FINE_LOCATION" />
16-->src\main\AndroidManifest.xml:10:5-78
16-->src\main\AndroidManifest.xml:10:22-76
17    <uses-permission android:name="android.permission. ACCESS_COARSE_LOCATION" />
17-->src\main\AndroidManifest.xml:11:5-82
17-->src\main\AndroidManifest.xml:11:22-79
18    <uses-permission android:name="android.permission.ACCESS_BACKGROUND_LOCATION" />
18-->src\main\AndroidManifest.xml:12:5-84
18-->src\main\AndroidManifest.xml:12:22-82
19    <uses-permission android:name="android.permission.INTERNET" />
19-->src\main\AndroidManifest.xml:13:5-67
19-->src\main\AndroidManifest.xml:13:22-64
20    <uses-permission android:name="android.permission.WAKE_LOCK" />
20-->src\main\AndroidManifest.xml:14:5-68
20-->src\main\AndroidManifest.xml:14:22-65
21    <uses-permission android:name="android.permission.WRITE_SETTINGS" />
21-->src\main\AndroidManifest.xml:15:5-108
21-->src\main\AndroidManifest.xml:15:22-70
22    <uses-permission android:name="android.permission.ACCESS_WIFI_STATE" /> <!-- Include required permissions for Google Maps API to run. -->
22-->[com.google.android.libraries.places:places:2.4.0] AndroidManifest.xml:10:5-76
22-->[com.google.android.libraries.places:places:2.4.0] AndroidManifest.xml:10:22-73
23    <uses-permission android:name="android.permission.ACCESS_NETWORK_STATE" />
23-->[com.google.android.gms:play-services-maps:17.0.0] AndroidManifest.xml:23:5-79
23-->[com.google.android.gms:play-services-maps:17.0.0] AndroidManifest.xml:23:22-76
24
25    <uses-feature
25-->[com.google.android.gms:play-services-maps:17.0.0] AndroidManifest.xml:26:5-28:35
26        android:glEsVersion="0x00020000"
26-->[com.google.android.gms:play-services-maps:17.0.0] AndroidManifest.xml:27:9-41
27        android:required="true" />
27-->[com.google.android.gms:play-services-maps:17.0.0] AndroidManifest.xml:28:9-32
28
29    <application
29-->src\main\AndroidManifest.xml:17:5-59:19
30        android:allowBackup="true"
30-->src\main\AndroidManifest.xml:18:13-39
31        android:appComponentFactory="androidx.core.app.CoreComponentFactory"
31-->[androidx.core:core:1.3.2] AndroidManifest.xml:24:18-86
32        android:debuggable="true"
33        android:extractNativeLibs="false"
34        android:icon="@mipmap/ic_launcher"
34-->src\main\AndroidManifest.xml:19:13-47
35        android:label="@string/app_name"
35-->src\main\AndroidManifest.xml:20:13-45
36        android:roundIcon="@mipmap/ic_launcher_round"
36-->src\main\AndroidManifest.xml:21:13-58
37        android:supportsRtl="true"
37-->src\main\AndroidManifest.xml:22:13-39
38        android:testOnly="true"
39        android:theme="@style/AppTheme" >
39-->src\main\AndroidManifest.xml:23:13-44
40
41        <!--
42             The API key for Google Maps-based APIs is defined as a string resource.
43             (See the file "res/values/google_maps_api.xml").
44             Note that the API key is linked to the encryption key used to sign the APK.
45             You need a different API key for each encryption key, including the release key that is used to
46             sign the APK for publishing.
47             You can define the keys for the debug and release targets in src/debug/ and src/release/.
48        -->
49        <meta-data
49-->src\main\AndroidManifest.xml:33:9-35:55
50            android:name="com.google.android.geo.API_KEY"
50-->src\main\AndroidManifest.xml:34:17-62
51            android:value="@string/maps_api_key" />
51-->src\main\AndroidManifest.xml:35:17-53
52
53        <activity
53-->src\main\AndroidManifest.xml:37:9-46:20
54            android:name="com.digitalsmart.mutify.MapsActivity"
54-->src\main\AndroidManifest.xml:38:17-45
55            android:label="@string/title_activity_maps"
55-->src\main\AndroidManifest.xml:39:17-60
56            android:windowSoftInputMode="adjustPan" >
56-->src\main\AndroidManifest.xml:40:17-56
57            <intent-filter>
57-->src\main\AndroidManifest.xml:41:13-45:29
58                <action android:name="android.intent.action.MAIN" />
58-->src\main\AndroidManifest.xml:42:17-68
58-->src\main\AndroidManifest.xml:42:25-66
59
60                <category android:name="android.intent.category.LAUNCHER" />
60-->src\main\AndroidManifest.xml:44:17-76
60-->src\main\AndroidManifest.xml:44:27-74
61            </intent-filter>
62        </activity>
63
64        <service
64-->src\main\AndroidManifest.xml:48:9-51:34
65            android:name="com.digitalsmart.mutify.util.FetchAddressJobIntentService"
65-->src\main\AndroidManifest.xml:49:17-66
66            android:exported="true"
66-->src\main\AndroidManifest.xml:51:9-32
67            android:permission="android.permission.BIND_JOB_SERVICE" />
67-->src\main\AndroidManifest.xml:50:17-73
68
69        <receiver
69-->src\main\AndroidManifest.xml:53:9-58:20
70            android:name="com.digitalsmart.mutify.GeofenceBroadcastReceiver"
70-->src\main\AndroidManifest.xml:53:19-60
71            android:enabled="true" >
71-->src\main\AndroidManifest.xml:54:19-41
72            <intent-filter>
72-->src\main\AndroidManifest.xml:55:13-57:29
73                <action android:name="com.digitalsmart.mutify_cancel" />
73-->src\main\AndroidManifest.xml:56:17-72
73-->src\main\AndroidManifest.xml:56:25-70
74            </intent-filter>
75        </receiver>
76
77        <activity
77-->[com.google.android.libraries.places:places:2.4.0] AndroidManifest.xml:14:9-20:20
78            android:name="com.google.android.libraries.places.widget.AutocompleteActivity"
78-->[com.google.android.libraries.places:places:2.4.0] AndroidManifest.xml:15:13-91
79            android:exported="false"
79-->[com.google.android.libraries.places:places:2.4.0] AndroidManifest.xml:16:13-37
80            android:label="@string/places_autocomplete_label"
80-->[com.google.android.libraries.places:places:2.4.0] AndroidManifest.xml:17:13-62
81            android:theme="@style/PlacesAutocompleteOverlay"
81-->[com.google.android.libraries.places:places:2.4.0] AndroidManifest.xml:18:13-61
82            android:windowSoftInputMode="adjustResize" >
82-->[com.google.android.libraries.places:places:2.4.0] AndroidManifest.xml:19:13-55
83        </activity> <!-- Needs to be explicitly declared on P+ -->
84        <uses-library
84-->[com.google.android.gms:play-services-maps:17.0.0] AndroidManifest.xml:33:9-35:40
85            android:name="org.apache.http.legacy"
85-->[com.google.android.gms:play-services-maps:17.0.0] AndroidManifest.xml:34:13-50
86            android:required="false" />
86-->[com.google.android.gms:play-services-maps:17.0.0] AndroidManifest.xml:35:13-37
87
88        <activity
88-->[com.google.android.gms:play-services-base:17.3.0] AndroidManifest.xml:23:9-26:75
89            android:name="com.google.android.gms.common.api.GoogleApiActivity"
89-->[com.google.android.gms:play-services-base:17.3.0] AndroidManifest.xml:24:13-79
90            android:exported="false"
90-->[com.google.android.gms:play-services-base:17.3.0] AndroidManifest.xml:25:13-37
91            android:theme="@android:style/Theme.Translucent.NoTitleBar" />
91-->[com.google.android.gms:play-services-base:17.3.0] AndroidManifest.xml:26:13-72
92
93        <meta-data
93-->[com.google.android.gms:play-services-basement:17.3.0] AndroidManifest.xml:23:9-25:69
94            android:name="com.google.android.gms.version"
94-->[com.google.android.gms:play-services-basement:17.3.0] AndroidManifest.xml:24:13-58
95            android:value="@integer/google_play_services_version" />
95-->[com.google.android.gms:play-services-basement:17.3.0] AndroidManifest.xml:25:13-66
96
97        <provider
97-->[androidx.lifecycle:lifecycle-process:2.1.0] AndroidManifest.xml:23:9-27:43
98            android:name="androidx.lifecycle.ProcessLifecycleOwnerInitializer"
98-->[androidx.lifecycle:lifecycle-process:2.1.0] AndroidManifest.xml:24:13-79
99            android:authorities="com.digitalsmart.mutify.lifecycle-process"
99-->[androidx.lifecycle:lifecycle-process:2.1.0] AndroidManifest.xml:25:13-69
100            android:exported="false"
100-->[androidx.lifecycle:lifecycle-process:2.1.0] AndroidManifest.xml:26:13-37
101            android:multiprocess="true" />
101-->[androidx.lifecycle:lifecycle-process:2.1.0] AndroidManifest.xml:27:13-40
102
103        <service
103-->[com.google.android.datatransport:transport-backend-cct:2.3.0] AndroidManifest.xml:29:9-35:19
104            android:name="com.google.android.datatransport.runtime.backends.TransportBackendDiscovery"
104-->[com.google.android.datatransport:transport-backend-cct:2.3.0] AndroidManifest.xml:30:13-103
105            android:exported="false" >
105-->[com.google.android.datatransport:transport-backend-cct:2.3.0] AndroidManifest.xml:31:13-37
106            <meta-data
106-->[com.google.android.datatransport:transport-backend-cct:2.3.0] AndroidManifest.xml:32:13-34:39
107                android:name="backend:com.google.android.datatransport.cct.CctBackendFactory"
107-->[com.google.android.datatransport:transport-backend-cct:2.3.0] AndroidManifest.xml:33:17-94
108                android:value="cct" />
108-->[com.google.android.datatransport:transport-backend-cct:2.3.0] AndroidManifest.xml:34:17-36
109        </service>
110        <service
110-->[com.google.android.datatransport:transport-runtime:2.2.3] AndroidManifest.xml:26:9-30:19
111            android:name="com.google.android.datatransport.runtime.scheduling.jobscheduling.JobInfoSchedulerService"
111-->[com.google.android.datatransport:transport-runtime:2.2.3] AndroidManifest.xml:27:13-117
112            android:exported="false"
112-->[com.google.android.datatransport:transport-runtime:2.2.3] AndroidManifest.xml:28:13-37
113            android:permission="android.permission.BIND_JOB_SERVICE" >
113-->[com.google.android.datatransport:transport-runtime:2.2.3] AndroidManifest.xml:29:13-69
114        </service>
115
116        <receiver
116-->[com.google.android.datatransport:transport-runtime:2.2.3] AndroidManifest.xml:32:9-34:40
117            android:name="com.google.android.datatransport.runtime.scheduling.jobscheduling.AlarmManagerSchedulerBroadcastReceiver"
117-->[com.google.android.datatransport:transport-runtime:2.2.3] AndroidManifest.xml:33:13-132
118            android:exported="false" />
118-->[com.google.android.datatransport:transport-runtime:2.2.3] AndroidManifest.xml:34:13-37
119    </application>
120
121</manifest>